# JRE version: OpenJDK Runtime Environment (8.0_131-b11) (build 1.8.0_131-8u131-b11-0ubuntu1.16.04.2-b11)
# Java VM: OpenJDK 64-Bit Server VM (25.131-b11 mixed mode linux-amd64 compressed oops)
Heap:
 PSYoungGen      total 268288K, used 10208K [0x000000076d000000, 0x000000077e000000, 0x00000007c0000000)
  eden space 258048K, 0% used [0x000000076d000000,0x000000076d000000,0x000000077cc00000)
  from space 10240K, 99% used [0x000000077cc00000,0x000000077d5f80e0,0x000000077d600000)
  to   space 10240K, 0% used [0x000000077d600000,0x000000077d600000,0x000000077e000000)
 ParOldGen       total 171008K, used 11690K [0x00000006c7000000, 0x00000006d1700000, 0x000000076d000000)
  object space 171008K, 6% used [0x00000006c7000000,0x00000006c7b6ab70,0x00000006d1700000)
 Metaspace       used 4069K, capacity 4824K, committed 4992K, reserved 1056768K
  class space    used 450K, capacity 514K, committed 640K, reserved 1048576K
GC Heap History (9 events):
Event: 0,819 GC heap before
{Heap before GC invocations=1 (full 0):
 PSYoungGen      total 74752K, used 64512K [0x000000076d000000, 0x0000000772300000, 0x00000007c0000000)
  eden space 64512K, 100% used [0x000000076d000000,0x0000000770f00000,0x0000000770f00000)
  from space 10240K, 0% used [0x0000000771900000,0x0000000771900000,0x0000000772300000)
  to   space 10240K, 0% used [0x0000000770f00000,0x0000000770f00000,0x0000000771900000)
 ParOldGen       total 171008K, used 0K [0x00000006c7000000, 0x00000006d1700000, 0x000000076d000000)
  object space 171008K, 0% used [0x00000006c7000000,0x00000006c7000000,0x00000006d1700000)
 Metaspace       used 4066K, capacity 4824K, committed 4992K, reserved 1056768K
  class space    used 450K, capacity 514K, committed 640K, reserved 1048576K
Event: 0,843 GC heap after
Heap after GC invocations=1 (full 0):
 PSYoungGen      total 74752K, used 3184K [0x000000076d000000, 0x0000000776200000, 0x00000007c0000000)
  eden space 64512K, 0% used [0x000000076d000000,0x000000076d000000,0x0000000770f00000)
  from space 10240K, 31% used [0x0000000770f00000,0x000000077121c010,0x0000000771900000)
  to   space 10240K, 0% used [0x0000000775800000,0x0000000775800000,0x0000000776200000)
 ParOldGen       total 171008K, used 0K [0x00000006c7000000, 0x00000006d1700000, 0x000000076d000000)
  object space 171008K, 0% used [0x00000006c7000000,0x00000006c7000000,0x00000006d1700000)
 Metaspace       used 4066K, capacity 4824K, committed 4992K, reserved 1056768K
  class space    used 450K, capacity 514K, committed 640K, reserved 1048576K
}
Event: 1,049 GC heap before
{Heap before GC invocations=2 (full 0):
 PSYoungGen      total 74752K, used 67696K [0x000000076d000000, 0x0000000776200000, 0x00000007c0000000)
  eden space 64512K, 100% used [0x000000076d000000,0x0000000770f00000,0x0000000770f00000)
  from space 10240K, 31% used [0x0000000770f00000,0x000000077121c010,0x0000000771900000)
  to   space 10240K, 0% used [0x0000000775800000,0x0000000775800000,0x0000000776200000)
 ParOldGen       total 171008K, used 0K [0x00000006c7000000, 0x00000006d1700000, 0x000000076d000000)
  object space 171008K, 0% used [0x00000006c7000000,0x00000006c7000000,0x00000006d1700000)
 Metaspace       used 4067K, capacity 4824K, committed 4992K, reserved 1056768K
  class space    used 450K, capacity 514K, committed 640K, reserved 1048576K
Event: 1,068 GC heap after
Heap after GC invocations=2 (full 0):
 PSYoungGen      total 139264K, used 5108K [0x000000076d000000, 0x0000000776200000, 0x00000007c0000000)
  eden space 129024K, 0% used [0x000000076d000000,0x000000076d000000,0x0000000774e00000)
  from space 10240K, 49% used [0x0000000775800000,0x0000000775cfd288,0x0000000776200000)
  to   space 10240K, 0% used [0x0000000774e00000,0x0000000774e00000,0x0000000775800000)
 ParOldGen       total 171008K, used 0K [0x00000006c7000000, 0x00000006d1700000, 0x000000076d000000)
  object space 171008K, 0% used [0x00000006c7000000,0x00000006c7000000,0x00000006d1700000)
 Metaspace       used 4067K, capacity 4824K, committed 4992K, reserved 1056768K
  class space    used 450K, capacity 514K, committed 640K, reserved 1048576K
}
Event: 1,950 GC heap before
{Heap before GC invocations=3 (full 0):
 PSYoungGen      total 139264K, used 134132K [0x000000076d000000, 0x0000000776200000, 0x00000007c0000000)
  eden space 129024K, 100% used [0x000000076d000000,0x0000000774e00000,0x0000000774e00000)
  from space 10240K, 49% used [0x0000000775800000,0x0000000775cfd288,0x0000000776200000)
  to   space 10240K, 0% used [0x0000000774e00000,0x0000000774e00000,0x0000000775800000)
 ParOldGen       total 171008K, used 0K [0x00000006c7000000, 0x00000006d1700000, 0x000000076d000000)
  object space 171008K, 0% used [0x00000006c7000000,0x00000006c7000000,0x00000006d1700000)
 Metaspace       used 4067K, capacity 4824K, committed 4992K, reserved 1056768K
  class space    used 450K, capacity 514K, committed 640K, reserved 1048576K
Event: 1,976 GC heap after
Heap after GC invocations=3 (full 0):
 PSYoungGen      total 139264K, used 9478K [0x000000076d000000, 0x000000077e000000, 0x00000007c0000000)
  eden space 129024K, 0% used [0x000000076d000000,0x000000076d000000,0x0000000774e00000)
  from space 10240K, 92% used [0x0000000774e00000,0x0000000775741bb8,0x0000000775800000)
  to   space 10240K, 0% used [0x000000077d600000,0x000000077d600000,0x000000077e000000)
 ParOldGen       total 171008K, used 0K [0x00000006c7000000, 0x00000006d1700000, 0x000000076d000000)
  object space 171008K, 0% used [0x00000006c7000000,0x00000006c7000000,0x00000006d1700000)
 Metaspace       used 4067K, capacity 4824K, committed 4992K, reserved 1056768K
  class space    used 450K, capacity 514K, committed 640K, reserved 1048576K
}
Event: 2,773 GC heap before
{Heap before GC invocations=4 (full 0):
 PSYoungGen      total 139264K, used 138502K [0x000000076d000000, 0x000000077e000000, 0x00000007c0000000)
  eden space 129024K, 100% used [0x000000076d000000,0x0000000774e00000,0x0000000774e00000)
  from space 10240K, 92% used [0x0000000774e00000,0x0000000775741bb8,0x0000000775800000)
  to   space 10240K, 0% used [0x000000077d600000,0x000000077d600000,0x000000077e000000)
 ParOldGen       total 171008K, used 0K [0x00000006c7000000, 0x00000006d1700000, 0x000000076d000000)
  object space 171008K, 0% used [0x00000006c7000000,0x00000006c7000000,0x00000006d1700000)
 Metaspace       used 4069K, capacity 4824K, committed 4992K, reserved 1056768K
  class space    used 450K, capacity 514K, committed 640K, reserved 1048576K
Event: 2,921 GC heap after
Heap after GC invocations=4 (full 0):
 PSYoungGen      total 268288K, used 10237K [0x000000076d000000, 0x000000077e000000, 0x00000007c0000000)
  eden space 258048K, 0% used [0x000000076d000000,0x000000076d000000,0x000000077cc00000)
  from space 10240K, 99% used [0x000000077d600000,0x000000077dfff760,0x000000077e000000)
  to   space 10240K, 0% used [0x000000077cc00000,0x000000077cc00000,0x000000077d600000)
 ParOldGen       total 171008K, used 3608K [0x00000006c7000000, 0x00000006d1700000, 0x000000076d000000)
  object space 171008K, 2% used [0x00000006c7000000,0x00000006c7386000,0x00000006d1700000)
 Metaspace       used 4069K, capacity 4824K, committed 4992K, reserved 1056768K
  class space    used 450K, capacity 514K, committed 640K, reserved 1048576K
}
Event: 3,719 GC heap before
{Heap before GC invocations=5 (full 0):
 PSYoungGen      total 268288K, used 268285K [0x000000076d000000, 0x000000077e000000, 0x00000007c0000000)
  eden space 258048K, 100% used [0x000000076d000000,0x000000077cc00000,0x000000077cc00000)
  from space 10240K, 99% used [0x000000077d600000,0x000000077dfff760,0x000000077e000000)
  to   space 10240K, 0% used [0x000000077cc00000,0x000000077cc00000,0x000000077d600000)
 ParOldGen       total 171008K, used 3608K [0x00000006c7000000, 0x00000006d1700000, 0x000000076d000000)
  object space 171008K, 2% used [0x00000006c7000000,0x00000006c7386000,0x00000006d1700000)
 Metaspace       used 4069K, capacity 4824K, committed 4992K, reserved 1056768K
  class space    used 450K, capacity 514K, committed 640K, reserved 1048576K

